# JRE version: Java(TM) SE Runtime Environment 18.9 (11.0.19+9) (build 11.0.19+9-LTS-224)
# Java VM: Java HotSpot(TM) 64-Bit Server VM 18.9 (11.0.19+9-LTS-224, mixed mode, tiered, compressed oops, g1 gc, windows-amd64)
Heap:
 garbage-first heap   total 131072K, used 90292K [0x00000000f0000000, 0x0000000100000000)
  region size 1024K, 25 young (25600K), 4 survivors (4096K)
 Metaspace       used 45340K, capacity 46490K, committed 46592K, reserved 1091584K
  class space    used 5136K, capacity 5617K, committed 5632K, reserved 1048576K
GC Heap History (10 events):
Event: 10.140 GC heap before
{Heap before GC invocations=14 (full 0):
 garbage-first heap   total 131072K, used 92260K [0x00000000f0000000, 0x0000000100000000)
  region size 1024K, 46 young (47104K), 5 survivors (5120K)
 Metaspace       used 37368K, capacity 38256K, committed 38528K, reserved 1083392K
  class space    used 4075K, capacity 4451K, committed 4480K, reserved 1048576K
}
Event: 10.157 GC heap after
{Heap after GC invocations=15 (full 0):
 garbage-first heap   total 131072K, used 53669K [0x00000000f0000000, 0x0000000100000000)
  region size 1024K, 5 young (5120K), 5 survivors (5120K)
 Metaspace       used 37368K, capacity 38256K, committed 38528K, reserved 1083392K
  class space    used 4075K, capacity 4451K, committed 4480K, reserved 1048576K
}
Event: 10.698 GC heap before
{Heap before GC invocations=15 (full 0):
 garbage-first heap   total 131072K, used 96677K [0x00000000f0000000, 0x0000000100000000)
  region size 1024K, 47 young (48128K), 5 survivors (5120K)
 Metaspace       used 40039K, capacity 40930K, committed 41216K, reserved 1085440K
  class space    used 4379K, capacity 4745K, committed 4864K, reserved 1048576K
}
Event: 10.714 GC heap after
{Heap after GC invocations=16 (full 0):
 garbage-first heap   total 131072K, used 58754K [0x00000000f0000000, 0x0000000100000000)
  region size 1024K, 5 young (5120K), 5 survivors (5120K)
 Metaspace       used 40039K, capacity 40930K, committed 41216K, reserved 1085440K
  class space    used 4379K, capacity 4745K, committed 4864K, reserved 1048576K
}
Event: 11.595 GC heap before
{Heap before GC invocations=16 (full 0):
 garbage-first heap   total 131072K, used 99714K [0x00000000f0000000, 0x0000000100000000)
  region size 1024K, 45 young (46080K), 5 survivors (5120K)
 Metaspace       used 42351K, capacity 43444K, committed 43648K, reserved 1087488K
  class space    used 4719K, capacity 5172K, committed 5248K, reserved 1048576K
}
Event: 11.609 GC heap after
{Heap after GC invocations=17 (full 0):
 garbage-first heap   total 131072K, used 61825K [0x00000000f0000000, 0x0000000100000000)
  region size 1024K, 4 young (4096K), 4 survivors (4096K)
 Metaspace       used 42351K, capacity 43444K, committed 43648K, reserved 1087488K
  class space    used 4719K, capacity 5172K, committed 5248K, reserved 1048576K
}
Event: 12.612 GC heap before
{Heap before GC invocations=17 (full 0):
 garbage-first heap   total 131072K, used 101761K [0x00000000f0000000, 0x0000000100000000)
  region size 1024K, 43 young (44032K), 4 survivors (4096K)
 Metaspace       used 44118K, capacity 45152K, committed 45440K, reserved 1089536K
  class space    used 4949K, capacity 5400K, committed 5504K, reserved 1048576K
}
Event: 12.623 GC heap after
{Heap after GC invocations=18 (full 0):
 garbage-first heap   total 131072K, used 64195K [0x00000000f0000000, 0x0000000100000000)
  region size 1024K, 3 young (3072K), 3 survivors (3072K)
 Metaspace       used 44118K, capacity 45152K, committed 45440K, reserved 1089536K
  class space    used 4949K, capacity 5400K, committed 5504K, reserved 1048576K
}
Event: 12.699 GC heap before
{Heap before GC invocations=18 (full 0):
 garbage-first heap   total 131072K, used 69315K [0x00000000f0000000, 0x0000000100000000)
  region size 1024K, 9 young (9216K), 3 survivors (3072K)
 Metaspace       used 44351K, capacity 45376K, committed 45696K, reserved 1089536K
  class space    used 4981K, capacity 5432K, committed 5504K, reserved 1048576K
}
Event: 12.707 GC heap after
{Heap after GC invocations=19 (full 0):
 garbage-first heap   total 131072K, used 64692K [0x00000000f0000000, 0x0000000100000000)
  region size 1024K, 4 young (4096K), 4 survivors (4096K)
 Metaspace       used 44351K, capacity 45376K, committed 45696K, reserved 1089536K
  class space    used 4981K, capacity 5432K, committed 5504K, reserved 1048576K
}

