# JRE version: Java(TM) SE Runtime Environment 18.9 (11.0.19+9) (build 11.0.19+9-LTS-224)
# Java VM: Java HotSpot(TM) 64-Bit Server VM 18.9 (11.0.19+9-LTS-224, mixed mode, tiered, compressed oops, g1 gc, windows-amd64)
Heap:
 garbage-first heap   total 131072K, used 100184K [0x00000000f0000000, 0x0000000100000000)
  region size 1024K, 29 young (29696K), 1 survivors (1024K)
 Metaspace       used 47462K, capacity 48805K, committed 49024K, reserved 1091584K
  class space    used 5441K, capacity 5991K, committed 6016K, reserved 1048576K
GC Heap History (10 events):
Event: 11.509 GC heap before
{Heap before GC invocations=14 (full 0):
 garbage-first heap   total 131072K, used 103140K [0x00000000f0000000, 0x0000000100000000)
  region size 1024K, 55 young (56320K), 7 survivors (7168K)
 Metaspace       used 41123K, capacity 42050K, committed 42368K, reserved 1087488K
  class space    used 4531K, capacity 4910K, committed 4992K, reserved 1048576K
}
Event: 11.529 GC heap after
{Heap after GC invocations=15 (full 0):
 garbage-first heap   total 131072K, used 58808K [0x00000000f0000000, 0x0000000100000000)
  region size 1024K, 5 young (5120K), 5 survivors (5120K)
 Metaspace       used 41123K, capacity 42050K, committed 42368K, reserved 1087488K
  class space    used 4531K, capacity 4910K, committed 4992K, reserved 1048576K
}
Event: 12.735 GC heap before
{Heap before GC invocations=15 (full 0):
 garbage-first heap   total 131072K, used 104888K [0x00000000f0000000, 0x0000000100000000)
  region size 1024K, 50 young (51200K), 5 survivors (5120K)
 Metaspace       used 43266K, capacity 44380K, committed 44544K, reserved 1089536K
  class space    used 4829K, capacity 5271K, committed 5376K, reserved 1048576K
}
Event: 12.750 GC heap after
{Heap after GC invocations=16 (full 0):
 garbage-first heap   total 131072K, used 62802K [0x00000000f0000000, 0x0000000100000000)
  region size 1024K, 4 young (4096K), 4 survivors (4096K)
 Metaspace       used 43266K, capacity 44380K, committed 44544K, reserved 1089536K
  class space    used 4829K, capacity 5271K, committed 5376K, reserved 1048576K
}
Event: 13.075 GC heap before
{Heap before GC invocations=16 (full 0):
 garbage-first heap   total 131072K, used 85330K [0x00000000f0000000, 0x0000000100000000)
  region size 1024K, 27 young (27648K), 4 survivors (4096K)
 Metaspace       used 44263K, capacity 45311K, committed 45440K, reserved 1089536K
  class space    used 4977K, capacity 5432K, committed 5504K, reserved 1048576K
}
Event: 13.088 GC heap after
{Heap after GC invocations=17 (full 0):
 garbage-first heap   total 131072K, used 64500K [0x00000000f0000000, 0x0000000100000000)
  region size 1024K, 2 young (2048K), 2 survivors (2048K)
 Metaspace       used 44263K, capacity 45311K, committed 45440K, reserved 1089536K
  class space    used 4977K, capacity 5432K, committed 5504K, reserved 1048576K
}
Event: 14.481 GC heap before
{Heap before GC invocations=18 (full 0):
 garbage-first heap   total 131072K, used 109556K [0x00000000f0000000, 0x0000000100000000)
  region size 1024K, 41 young (41984K), 2 survivors (2048K)
 Metaspace       used 45917K, capacity 47126K, committed 47232K, reserved 1091584K
  class space    used 5218K, capacity 5719K, committed 5760K, reserved 1048576K
}
Event: 14.495 GC heap after
{Heap after GC invocations=19 (full 0):
 garbage-first heap   total 131072K, used 72688K [0x00000000f0000000, 0x0000000100000000)
  region size 1024K, 5 young (5120K), 5 survivors (5120K)
 Metaspace       used 45917K, capacity 47126K, committed 47232K, reserved 1091584K
  class space    used 5218K, capacity 5719K, committed 5760K, reserved 1048576K
}
Event: 14.512 GC heap before
{Heap before GC invocations=19 (full 0):
 garbage-first heap   total 131072K, used 73712K [0x00000000f0000000, 0x0000000100000000)
  region size 1024K, 6 young (6144K), 5 survivors (5120K)
 Metaspace       used 45963K, capacity 47126K, committed 47232K, reserved 1091584K
  class space    used 5222K, capacity 5719K, committed 5760K, reserved 1048576K
}
Event: 14.524 GC heap after
{Heap after GC invocations=20 (full 0):
 garbage-first heap   total 131072K, used 72536K [0x00000000f0000000, 0x0000000100000000)
  region size 1024K, 1 young (1024K), 1 survivors (1024K)
 Metaspace       used 45963K, capacity 47126K, committed 47232K, reserved 1091584K
  class space    used 5222K, capacity 5719K, committed 5760K, reserved 1048576K
}

